<?xml version="1.0" encoding="UTF-8"?>
<testng-results skipped="0" failed="0" ignored="0" total="1" passed="1">
  <reporter-output>
  </reporter-output>
  <suite name="Suite" duration-ms="23198" started-at="2019-06-26T02:08:01Z" finished-at="2019-06-26T02:08:24Z">
    <groups>
    </groups>
    <test name="Test" duration-ms="23198" started-at="2019-06-26T02:08:01Z" finished-at="2019-06-26T02:08:24Z">
      <class name="com.TestCases.Tc_01_RegisterNewUser">
        <test-method status="PASS" signature="beforeSuite()[pri:0, instance:com.TestCases.Tc_01_RegisterNewUser@343f4d3d]" name="beforeSuite" is-config="true" duration-ms="1010" started-at="2019-06-26T07:38:00Z" finished-at="2019-06-26T07:38:01Z">
          <reporter-output>
          </reporter-output>
        </test-method> <!-- beforeSuite -->
        <test-method status="PASS" signature="beforeTest()[pri:0, instance:com.TestCases.Tc_01_RegisterNewUser@343f4d3d]" name="beforeTest" is-config="true" duration-ms="1" started-at="2019-06-26T07:38:01Z" finished-at="2019-06-26T07:38:01Z">
          <reporter-output>
          </reporter-output>
        </test-method> <!-- beforeTest -->
        <test-method status="PASS" signature="beforeMethod(java.lang.reflect.Method)[pri:0, instance:com.TestCases.Tc_01_RegisterNewUser@343f4d3d]" name="beforeMethod" is-config="true" duration-ms="172" started-at="2019-06-26T07:38:01Z" finished-at="2019-06-26T07:38:01Z">
          <params>
            <param index="0">
              <value>
                <![CDATA[public void com.TestCases.Tc_01_RegisterNewUser.Tc_01_RegisterNewUser()]]>
              </value>
            </param>
          </params>
          <reporter-output>
          </reporter-output>
        </test-method> <!-- beforeMethod -->
        <test-method status="PASS" signature="Tc_01_RegisterNewUser()[pri:0, instance:com.TestCases.Tc_01_RegisterNewUser@343f4d3d]" name="Tc_01_RegisterNewUser" duration-ms="20143" started-at="2019-06-26T07:38:01Z" finished-at="2019-06-26T07:38:21Z">
          <reporter-output>
          </reporter-output>
        </test-method> <!-- Tc_01_RegisterNewUser -->
        <test-method status="PASS" signature="afterMethod()[pri:0, instance:com.TestCases.Tc_01_RegisterNewUser@343f4d3d]" name="afterMethod" is-config="true" duration-ms="2854" started-at="2019-06-26T07:38:21Z" finished-at="2019-06-26T07:38:24Z">
          <reporter-output>
          </reporter-output>
        </test-method> <!-- afterMethod -->
        <test-method status="PASS" signature="afterTest()[pri:0, instance:com.TestCases.Tc_01_RegisterNewUser@343f4d3d]" name="afterTest" is-config="true" duration-ms="0" started-at="2019-06-26T07:38:24Z" finished-at="2019-06-26T07:38:24Z">
          <reporter-output>
          </reporter-output>
        </test-method> <!-- afterTest -->
        <test-method status="PASS" signature="afterSuite()[pri:0, instance:com.TestCases.Tc_01_RegisterNewUser@343f4d3d]" name="afterSuite" is-config="true" duration-ms="1" started-at="2019-06-26T07:38:24Z" finished-at="2019-06-26T07:38:24Z">
          <reporter-output>
          </reporter-output>
        </test-method> <!-- afterSuite -->
      </class> <!-- com.TestCases.Tc_01_RegisterNewUser -->
    </test> <!-- Test -->
  </suite> <!-- Suite -->
</testng-results>
